<?xml version="1.0" encoding="UTF-8"?><testsuite errors="1" failures="0" name="global sqa" skipped="0" tests="1" time="1.02" timestamp="2022-10-04 03:16:46"><testcase name="register successfully"><error type="java.lang.ExceptionInInitializerError"/><system-err>null&#13;
cucumber.deps.com.thoughtworks.xstream.XStream.setupConverters(XStream.java:820)&#13;
cucumber.deps.com.thoughtworks.xstream.XStream.&lt;init&gt;(XStream.java:574)&#13;
cucumber.deps.com.thoughtworks.xstream.XStream.&lt;init&gt;(XStream.java:530)&#13;
cucumber.runner.Runner.runPickle(Runner.java:80)&#13;
worker.org.gradle.process.internal.worker.GradleWorkerMain.run(GradleWorkerMain.java:69)&#13;
worker.org.gradle.process.internal.worker.GradleWorkerMain.main(GradleWorkerMain.java:74)&#13;
✽.that i enter on the website(src/test/resources/features/registro.feature:4)&#13;
</system-err></testcase></testsuite>